03:56:54 **** Rebuild of configuration Debug for project VisionSystem ****
Info: Internal Builder is used for build
g++ -std=c++0x "-IC:\\opencv\\include" -O0 -g3 -Wall -c -fmessage-length=0 -o "src\\VisionSystem.o" "..\\src\\VisionSystem.cpp" 
..\src\VisionSystem.cpp:2:33: fatal error: opencv2/core/core.hpp: No such file or directory
 #include <opencv2/core/core.hpp>
                                 ^
compilation terminated.
04:03:20 **** Incremental Build of configuration Debug for project VisionSystem ****
Info: Internal Builder is used for build
g++ -std=c++0x "-IC:\\opencv\\include" -O0 -g3 -Wall -c -fmessage-length=0 -o "src\\VisionSystem.o" "..\\src\\VisionSystem.cpp" 
..\src\VisionSystem.cpp:2:33: fatal error: opencv2/core/core.hpp: No such file or directory
 #include <opencv2/core/core.hpp>
                                 ^
compilation terminated.
04:05:10 **** Incremental Build of configuration Debug for project VisionSystem ****
make all 
Cannot run program "make": Launching failed

Error: Program "make" not found in PATH
PATH=[C:\MinGW\bin;\bin;C:/Program Files/Java/jre1.8.0_20/bin/server;C:/Program Files/Java/jre1.8.0_20/bin;C:/Program Files/Java/jre1.8.0_20/lib/amd64;C:\ProgramData\Oracle\Java\javapath;C:\windows\system32;C:\windows;C:\windows\System32\Wbem;C:\windows\System32\WindowsPowerShell\v1.0\;C:\Program Files\MATLAB\R2014a\runtime\win64;C:\Program Files\MATLAB\R2014a\bin;C:\opencvMinGw\x86\install\x86\mingw\bin;C:\opencvMinGw\x86\install\include;C:\MinGW\bin;C:\Program Files\Microsoft SQL Server\110\Tools\Binn\;C:\Program Files (x86)\Microsoft SDKs\TypeScript\1.0\;C:\Program Files (x86)\Windows Live\Shared;C:\Program Files (x86)\Common Files\ThinPrint\;C:\Program Files\eclipse]
04:08:10 **** Incremental Build of configuration Debug for project VisionSystem ****
make all 
Cannot run program "make": Launching failed

Error: Program "make" not found in PATH
PATH=[C:\MinGW\bin;\bin;C:/Program Files/Java/jre1.8.0_20/bin/server;C:/Program Files/Java/jre1.8.0_20/bin;C:/Program Files/Java/jre1.8.0_20/lib/amd64;C:\ProgramData\Oracle\Java\javapath;C:\windows\system32;C:\windows;C:\windows\System32\Wbem;C:\windows\System32\WindowsPowerShell\v1.0\;C:\Program Files\MATLAB\R2014a\runtime\win64;C:\Program Files\MATLAB\R2014a\bin;C:\opencvMinGw\x86\install\x86\mingw\bin;C:\opencvMinGw\x86\install\include;C:\MinGW\bin;C:\Program Files\Microsoft SQL Server\110\Tools\Binn\;C:\Program Files (x86)\Microsoft SDKs\TypeScript\1.0\;C:\Program Files (x86)\Windows Live\Shared;C:\Program Files (x86)\Common Files\ThinPrint\;C:\Program Files\eclipse]
04:10:23 **** Incremental Build of configuration Debug for project VisionSystem ****
make all 
Cannot run program "make": Launching failed

Error: Program "make" not found in PATH
PATH=[C:\MinGW\bin;\bin;C:/Program Files/Java/jre1.8.0_20/bin/server;C:/Program Files/Java/jre1.8.0_20/bin;C:/Program Files/Java/jre1.8.0_20/lib/amd64;C:\ProgramData\Oracle\Java\javapath;C:\windows\system32;C:\windows;C:\windows\System32\Wbem;C:\windows\System32\WindowsPowerShell\v1.0\;C:\Program Files\MATLAB\R2014a\runtime\win64;C:\Program Files\MATLAB\R2014a\bin;C:\opencvMinGw\x86\install\x86\mingw\bin;C:\opencvMinGw\x86\install\include;C:\MinGW\bin;C:\Program Files\Microsoft SQL Server\110\Tools\Binn\;C:\Program Files (x86)\Microsoft SDKs\TypeScript\1.0\;C:\Program Files (x86)\Windows Live\Shared;C:\Program Files (x86)\Common Files\ThinPrint\;C:\Program Files\eclipse]
04:11:01 **** Incremental Build of configuration Debug for project VisionSystem ****
make all 
Cannot run program "make": Launching failed

Error: Program "make" not found in PATH
PATH=[C:\MinGW\bin;\bin;C:/Program Files/Java/jre1.8.0_20/bin/server;C:/Program Files/Java/jre1.8.0_20/bin;C:/Program Files/Java/jre1.8.0_20/lib/amd64;C:\ProgramData\Oracle\Java\javapath;C:\windows\system32;C:\windows;C:\windows\System32\Wbem;C:\windows\System32\WindowsPowerShell\v1.0\;C:\Program Files\MATLAB\R2014a\runtime\win64;C:\Program Files\MATLAB\R2014a\bin;C:\opencvMinGw\x86\install\x86\mingw\bin;C:\opencvMinGw\x86\install\include;C:\MinGW\bin;C:\Program Files\Microsoft SQL Server\110\Tools\Binn\;C:\Program Files (x86)\Microsoft SDKs\TypeScript\1.0\;C:\Program Files (x86)\Windows Live\Shared;C:\Program Files (x86)\Common Files\ThinPrint\;C:\Program Files\eclipse]
04:14:07 **** Incremental Build of configuration Debug for project VisionSystem ****
make all 
'Building file: ../src/VisionSystem.cpp'
'Invoking: GCC C++ Compiler'
g++ -std=c++0x -I"C:\opencv\include" -O0 -g3 -Wall -c -fmessage-length=0 -MMD -MP -MF"src/VisionSystem.d" -MT"src/VisionSystem.d" -o "src/VisionSystem.o" "../src/VisionSystem.cpp"
../src/VisionSystem.cpp: In function 'int main(int, char**)':
../src/VisionSystem.cpp:67:39: warning: deprecated conversion from string constant to 'char*' [-Wwrite-strings]
  char* names[] = {"camera1", "camera2"};
                                       ^
../src/VisionSystem.cpp:67:39: warning: deprecated conversion from string constant to 'char*' [-Wwrite-strings]
'Finished building: ../src/VisionSystem.cpp'
' '
'Building target: VisionSystem.exe'
'Invoking: MinGW C++ Linker'
g++ -L"C:\opencv\x86\mingw\bin" -o "VisionSystem.exe"  ./src/VisionSystem.o   -llibopencv_calib3d249 -llibopencv_contrib249 -llibopencv_core249 -llibopencv_features2d249 -llibopencv_flann249 -llibopencv_gpu249 -llibopencv_highgui249 -llibopencv_imgproc249 -llibopencv_legacy249 -llibopencv_ml249 -llibopencv_nonfree249 -llibopencv_objdetect249 -llibopencv_ocl249 -lopencv_ffmpeg249 -llibopencv_photo249 -llibopencv_stitching249 -llibopencv_superres249 -llibopencv_video249 -llibopencv_videostab249
'Finished building target: VisionSystem.exe'
' '
04:14:26 **** Incremental Build of configuration Debug for project VisionSystem ****
make all 
make: Nothing to be done for 'all'.
04:17:58 **** Incremental Build of configuration Debug for project VisionSystem ****
make all 
make: Nothing to be done for 'all'.
02:51:57 **** Build of configuration Default for project Alice ****
make all 
make: *** No rule to make target 'all'.  Stop.
02:55:29 **** Incremental Build of configuration Default for project Alice ****
make all 
make: *** No rule to make target 'all'.  Stop.
05:29:19 **** Build of configuration Default for project Alice ****
make all 
make: *** No rule to make target 'all'.  Stop.
05:37:27 **** Incremental Build of configuration Default for project Alice ****
make all 
make: *** No rule to make target 'all'.  Stop.
05:51:50 **** Incremental Build of configuration Default for project Alice ****
make all 
make: *** No rule to make target 'all'.  Stop.
06:33:09 **** Build of configuration Default for project Alice ****
make all 
make: *** No rule to make target 'all'.  Stop.
06:34:19 **** Clean-only build of configuration Default for project Alice ****
make clean 
make: *** No rule to make target 'clean'.  Stop.
06:34:20 **** Clean-only build of configuration Debug for project VisionSystem ****
rm -rf src/VisionSystem.o VisionSystem.exe src/VisionSystem.d 
Cannot run program "rm": Launching failed

Error: Program "rm" not found in PATH
PATH=[C:\MinGW\bin;\bin;C:/Program Files/Java/jre1.8.0_20/bin/server;C:/Program Files/Java/jre1.8.0_20/bin;C:/Program Files/Java/jre1.8.0_20/lib/amd64;C:\ProgramData\Oracle\Java\javapath;C:\windows\system32;C:\windows;C:\windows\System32\Wbem;C:\windows\System32\WindowsPowerShell\v1.0\;C:\Program Files\MATLAB\R2014a\runtime\win64;C:\Program Files\MATLAB\R2014a\bin;C:\opencvMinGw\x86\install\x86\mingw\bin;C:\opencvMinGw\x86\install\include;C:\MinGW\bin;C:\Program Files\Microsoft SQL Server\110\Tools\Binn\;C:\Program Files (x86)\Microsoft SDKs\TypeScript\1.0\;C:\Program Files (x86)\Windows Live\Shared;C:\Program Files (x86)\Common Files\ThinPrint\;C:\Program Files (x86)\PharosSystems\Core;C:\Program Files\eclipse]

06:34:20 **** Clean-only build of configuration Debug for project VisionSystem ****
